<?xml version="1.0" encoding="UTF-8"?>
<!-- Generated by org.testng.reporters.JUnitReportReporter -->
<testsuite skipped="0" hostname="OF011DT3NSMD6NI" name="GetSingleUser_UshaExample" tests="3" failures="0" timestamp="2022-01-08T01:11:33 CST" time="2.436" errors="0">
  <testcase name="testGetSingleUser" time="1.844" classname="GetSingleUser_UshaExample"/>
  <system-out/>
  <testcase name="validatePerPageResult" time="0.292" classname="GetSingleUser_UshaExample"/>
  <system-out/>
  <testcase name="testGetSingleUserandExtractResponse" time="0.300" classname="GetSingleUser_UshaExample"/>
  <system-out/>
</testsuite> <!-- GetSingleUser_UshaExample -->
