<?xml version="1.0" encoding="UTF-8"?>
<!-- Generated by org.testng.reporters.JUnitReportReporter -->
<testsuite skipped="0" hostname="OF011DT3NSMD6NI" name="ListUser" tests="1" failures="0" timestamp="2022-01-08T01:25:22 CST" time="2.023" errors="0">
  <testcase name="testListUser" time="2.023" classname="ListUser"/>
  <system-out/>
</testsuite> <!-- ListUser -->
